<?xml version="1.0" encoding="UTF-8"?>
<!-- Generated by org.testng.reporters.JUnitXMLReporter -->
<testsuite ignored="3" hostname="DESKTOP-IDI82HQ" failures="1" tests="17" name="CRUDmethods" time="25.836" errors="0" timestamp="2022-02-22T13:59:31 CST">
  <testcase classname="lms_API_Test_CRUDmethods.PUTRequest" name="updateProgram" time="6.62"/>
  <testcase classname="lms_API_Test_CRUDmethods.PUTRequest" name="updateProgram" time="0.597">
    <failure type="java.lang.AssertionError" message="expected [400] but found [200]">
      <![CDATA[java.lang.AssertionError: expected [400] but found [200]
at lms_API_Test_CRUDmethods.PUTRequest.updateProgram(PUTRequest.java:40)
at java.base/java.util.ArrayList.forEach(ArrayList.java:1511)
... Removed 33 stack frames]]>
    </failure>
  </testcase> <!-- updateProgram -->
  <testcase classname="lms_API_Test_CRUDmethods.PUTRequest" name="updateProgram" time="0.574"/>
  <testcase classname="lms_API_Test_CRUDmethods.PUTRequest" name="updateProgram" time="0.577"/>
  <testcase classname="lms_API_Test_CRUDmethods.DELETERequest" name="DeleteId" time="1.151"/>
  <testcase classname="lms_API_Test_CRUDmethods.DELETERequest" name="DeleteId" time="1.033"/>
  <testcase classname="lms_API_Test_CRUDmethods.DELETERequest" name="DeleteId" time="1.321"/>
  <testcase classname="lms_API_Test_CRUDmethods.GETRequest" name="Get_allPrograms" time="1.413"/>
  <testcase classname="lms_API_Test_CRUDmethods.GETRequest" name="Get_programid" time="0.514"/>
  <testcase classname="lms_API_Test_CRUDmethods.GETRequest" name="Get_programid" time="0.499"/>
  <testcase classname="lms_API_Test_CRUDmethods.GETRequest" name="Get_programid" time="0.539"/>
  <testcase classname="lms_API_Test_CRUDmethods.GETRequest" name="Get_programid" time="0.608"/>
  <testcase classname="lms_API_Test_CRUDmethods.GETRequest" name="Get_programid" time="0.53"/>
  <testcase classname="lms_API_Test_CRUDmethods.POSTRequest" name="createProgram" time="0.527"/>
  <testcase classname="lms_API_Test_CRUDmethods.POSTRequest" name="createProgram" time="0.695"/>
  <testcase classname="lms_API_Test_CRUDmethods.POSTRequest" name="createProgram" time="0.581"/>
  <testcase classname="lms_API_Test_CRUDmethods.POSTRequest" name="createProgram" time="0.512"/>
  <testcase classname="lms_API_Test_CRUDmethods.BaseclassforLogin" name="@BeforeTest loginSetup" time="0.0">
    <ignored/>
  </testcase> <!-- @BeforeTest loginSetup -->
  <testcase classname="lms_API_Test_CRUDmethods.BaseclassforLogin" name="@BeforeTest loginSetup" time="0.0">
    <ignored/>
  </testcase> <!-- @BeforeTest loginSetup -->
  <testcase classname="lms_API_Test_CRUDmethods.BaseclassforLogin" name="@BeforeTest loginSetup" time="0.0">
    <ignored/>
  </testcase> <!-- @BeforeTest loginSetup -->
</testsuite> <!-- CRUDmethods -->
