<?xml version="1.0" encoding="UTF-8"?>
<testng-results ignored="0" total="2" passed="2" failed="0" skipped="0">
  <reporter-output>
  </reporter-output>
  <suite started-at="2022-02-22T13:58:23 CST" name="Default suite" finished-at="2022-02-22T13:58:31 CST" duration-ms="7897">
    <groups>
    </groups>
    <test started-at="2022-02-22T13:58:23 CST" name="Default test" finished-at="2022-02-22T13:58:31 CST" duration-ms="7897">
      <class name="jobs_API_Test_CRUDmethods.PUTRequest">
        <test-method signature="JobsPUTreq(java.lang.String,java.lang.String,java.lang.String,java.lang.String,java.lang.String,java.lang.String)[pri:0, instance:jobs_API_Test_CRUDmethods.PUTRequest@56620197]" started-at="2022-02-22T13:58:24 CST" name="JobsPUTreq" data-provider="JObsAPIPUT" finished-at="2022-02-22T13:58:31 CST" duration-ms="6494" status="PASS">
          <params>
            <param index="0">
              <value>
                <![CDATA[5010]]>
              </value>
            </param>
            <param index="1">
              <value>
                <![CDATA[Java Dev]]>
              </value>
            </param>
            <param index="2">
              <value>
                <![CDATA[Boston]]>
              </value>
            </param>
            <param index="3">
              <value>
                <![CDATA[Teksystem]]>
              </value>
            </param>
            <param index="4">
              <value>
                <![CDATA[FullTime]]>
              </value>
            </param>
            <param index="5">
              <value>
                <![CDATA[200]]>
              </value>
            </param>
          </params>
          <reporter-output>
          </reporter-output>
        </test-method> <!-- JobsPUTreq -->
        <test-method signature="JobsPUTreq(java.lang.String,java.lang.String,java.lang.String,java.lang.String,java.lang.String,java.lang.String)[pri:0, instance:jobs_API_Test_CRUDmethods.PUTRequest@56620197]" started-at="2022-02-22T13:58:31 CST" name="JobsPUTreq" data-provider="JObsAPIPUT" finished-at="2022-02-22T13:58:31 CST" duration-ms="583" status="PASS">
          <params>
            <param index="0">
              <value>
                <![CDATA[2090]]>
              </value>
            </param>
            <param index="1">
              <value>
                <![CDATA[SDET]]>
              </value>
            </param>
            <param index="2">
              <value>
                <![CDATA[Arkansas]]>
              </value>
            </param>
            <param index="3">
              <value>
                <![CDATA[Cognizant]]>
              </value>
            </param>
            <param index="4">
              <value>
                <![CDATA[Contract]]>
              </value>
            </param>
            <param index="5">
              <value>
                <![CDATA[404]]>
              </value>
            </param>
          </params>
          <reporter-output>
          </reporter-output>
        </test-method> <!-- JobsPUTreq -->
      </class> <!-- jobs_API_Test_CRUDmethods.PUTRequest -->
    </test> <!-- Default test -->
  </suite> <!-- Default suite -->
</testng-results>
