<?xml version="1.0" encoding="UTF-8"?>
<testng-results ignored="3" total="20" passed="16" failed="1" skipped="0">
  <reporter-output>
  </reporter-output>
  <suite started-at="2022-02-22T13:59:06 CST" name="lmsApi" finished-at="2022-02-22T13:59:31 CST" duration-ms="25836">
    <groups>
    </groups>
    <test started-at="2022-02-22T13:59:06 CST" name="CRUDmethods" finished-at="2022-02-22T13:59:31 CST" duration-ms="25836">
      <class name="lms_API_Test_CRUDmethods.GETRequest">
        <test-method signature="Get_allPrograms()[pri:0, instance:lms_API_Test_CRUDmethods.GETRequest@6c64cb25]" started-at="2022-02-22T13:59:25 CST" name="Get_allPrograms" finished-at="2022-02-22T13:59:26 CST" duration-ms="1413" status="PASS">
          <reporter-output>
          </reporter-output>
        </test-method> <!-- Get_allPrograms -->
        <test-method signature="Get_programid(java.lang.String,java.lang.String)[pri:1, instance:lms_API_Test_CRUDmethods.GETRequest@6c64cb25]" started-at="2022-02-22T13:59:26 CST" name="Get_programid" data-provider="ProgramId" finished-at="2022-02-22T13:59:27 CST" duration-ms="514" status="PASS">
          <params>
            <param index="0">
              <value>
                <![CDATA[5379]]>
              </value>
            </param>
            <param index="1">
              <value>
                <![CDATA[200]]>
              </value>
            </param>
          </params>
          <reporter-output>
          </reporter-output>
        </test-method> <!-- Get_programid -->
        <test-method signature="Get_programid(java.lang.String,java.lang.String)[pri:1, instance:lms_API_Test_CRUDmethods.GETRequest@6c64cb25]" started-at="2022-02-22T13:59:27 CST" name="Get_programid" data-provider="ProgramId" finished-at="2022-02-22T13:59:27 CST" duration-ms="499" status="PASS">
          <params>
            <param index="0">
              <value>
                <![CDATA[2]]>
              </value>
            </param>
            <param index="1">
              <value>
                <![CDATA[200]]>
              </value>
            </param>
          </params>
          <reporter-output>
          </reporter-output>
        </test-method> <!-- Get_programid -->
        <test-method signature="Get_programid(java.lang.String,java.lang.String)[pri:1, instance:lms_API_Test_CRUDmethods.GETRequest@6c64cb25]" started-at="2022-02-22T13:59:27 CST" name="Get_programid" data-provider="ProgramId" finished-at="2022-02-22T13:59:28 CST" duration-ms="539" status="PASS">
          <params>
            <param index="0">
              <value>
                <![CDATA[null]]>
              </value>
            </param>
            <param index="1">
              <value>
                <![CDATA[400]]>
              </value>
            </param>
          </params>
          <reporter-output>
          </reporter-output>
        </test-method> <!-- Get_programid -->
        <test-method signature="Get_programid(java.lang.String,java.lang.String)[pri:1, instance:lms_API_Test_CRUDmethods.GETRequest@6c64cb25]" started-at="2022-02-22T13:59:28 CST" name="Get_programid" data-provider="ProgramId" finished-at="2022-02-22T13:59:29 CST" duration-ms="608" status="PASS">
          <params>
            <param index="0">
              <value>
                <![CDATA[12AB]]>
              </value>
            </param>
            <param index="1">
              <value>
                <![CDATA[400]]>
              </value>
            </param>
          </params>
          <reporter-output>
          </reporter-output>
        </test-method> <!-- Get_programid -->
        <test-method signature="Get_programid(java.lang.String,java.lang.String)[pri:1, instance:lms_API_Test_CRUDmethods.GETRequest@6c64cb25]" started-at="2022-02-22T13:59:29 CST" name="Get_programid" data-provider="ProgramId" finished-at="2022-02-22T13:59:29 CST" duration-ms="530" status="PASS">
          <params>
            <param index="0">
              <value>
                <![CDATA[0]]>
              </value>
            </param>
            <param index="1">
              <value>
                <![CDATA[200]]>
              </value>
            </param>
          </params>
          <reporter-output>
          </reporter-output>
        </test-method> <!-- Get_programid -->
      </class> <!-- lms_API_Test_CRUDmethods.GETRequest -->
      <class name="lms_API_Test_CRUDmethods.POSTRequest">
        <test-method signature="createProgram(java.lang.String,java.lang.String,java.lang.String,java.lang.String,java.lang.String)[pri:1, instance:lms_API_Test_CRUDmethods.POSTRequest@6ae5aa72]" started-at="2022-02-22T13:59:29 CST" name="createProgram" data-provider="LMS_POST" finished-at="2022-02-22T13:59:30 CST" duration-ms="527" status="PASS">
          <params>
            <param index="0">
              <value>
                <![CDATA[]]>
              </value>
            </param>
            <param index="1">
              <value>
                <![CDATA[SDET26]]>
              </value>
            </param>
            <param index="2">
              <value>
                <![CDATA[Automation testing]]>
              </value>
            </param>
            <param index="3">
              <value>
                <![CDATA[true]]>
              </value>
            </param>
            <param index="4">
              <value>
                <![CDATA[200]]>
              </value>
            </param>
          </params>
          <reporter-output>
          </reporter-output>
        </test-method> <!-- createProgram -->
        <test-method signature="createProgram(java.lang.String,java.lang.String,java.lang.String,java.lang.String,java.lang.String)[pri:1, instance:lms_API_Test_CRUDmethods.POSTRequest@6ae5aa72]" started-at="2022-02-22T13:59:30 CST" name="createProgram" data-provider="LMS_POST" finished-at="2022-02-22T13:59:30 CST" duration-ms="695" status="PASS">
          <params>
            <param index="0">
              <value>
                <![CDATA[0]]>
              </value>
            </param>
            <param index="1">
              <value>
                <![CDATA[DS]]>
              </value>
            </param>
            <param index="2">
              <value>
                <![CDATA[data science]]>
              </value>
            </param>
            <param index="3">
              <value>
                <![CDATA[false]]>
              </value>
            </param>
            <param index="4">
              <value>
                <![CDATA[200]]>
              </value>
            </param>
          </params>
          <reporter-output>
          </reporter-output>
        </test-method> <!-- createProgram -->
        <test-method signature="createProgram(java.lang.String,java.lang.String,java.lang.String,java.lang.String,java.lang.String)[pri:1, instance:lms_API_Test_CRUDmethods.POSTRequest@6ae5aa72]" started-at="2022-02-22T13:59:30 CST" name="createProgram" data-provider="LMS_POST" finished-at="2022-02-22T13:59:31 CST" duration-ms="581" status="PASS">
          <params>
            <param index="0">
              <value>
                <![CDATA[7879798989080870.00]]>
              </value>
            </param>
            <param index="1">
              <value>
                <![CDATA[SDET]]>
              </value>
            </param>
            <param index="2">
              <value>
                <![CDATA[Test]]>
              </value>
            </param>
            <param index="3">
              <value>
                <![CDATA[true]]>
              </value>
            </param>
            <param index="4">
              <value>
                <![CDATA[400]]>
              </value>
            </param>
          </params>
          <reporter-output>
          </reporter-output>
        </test-method> <!-- createProgram -->
        <test-method signature="createProgram(java.lang.String,java.lang.String,java.lang.String,java.lang.String,java.lang.String)[pri:1, instance:lms_API_Test_CRUDmethods.POSTRequest@6ae5aa72]" started-at="2022-02-22T13:59:31 CST" name="createProgram" data-provider="LMS_POST" finished-at="2022-02-22T13:59:31 CST" duration-ms="512" status="PASS">
          <params>
            <param index="0">
              <value>
                <![CDATA[NULL]]>
              </value>
            </param>
            <param index="1">
              <value>
                <![CDATA[DS]]>
              </value>
            </param>
            <param index="2">
              <value>
                <![CDATA[data science]]>
              </value>
            </param>
            <param index="3">
              <value>
                <![CDATA[false]]>
              </value>
            </param>
            <param index="4">
              <value>
                <![CDATA[400]]>
              </value>
            </param>
          </params>
          <reporter-output>
          </reporter-output>
        </test-method> <!-- createProgram -->
      </class> <!-- lms_API_Test_CRUDmethods.POSTRequest -->
      <class name="lms_API_Test_CRUDmethods.DELETERequest">
        <test-method signature="DeleteId(java.lang.String,java.lang.String)[pri:0, instance:lms_API_Test_CRUDmethods.DELETERequest@245b4bdc]" started-at="2022-02-22T13:59:21 CST" name="DeleteId" data-provider="LMSDELETE" finished-at="2022-02-22T13:59:23 CST" duration-ms="1151" status="PASS">
          <params>
            <param index="0">
              <value>
                <![CDATA[6898]]>
              </value>
            </param>
            <param index="1">
              <value>
                <![CDATA[200]]>
              </value>
            </param>
          </params>
          <reporter-output>
          </reporter-output>
        </test-method> <!-- DeleteId -->
        <test-method signature="DeleteId(java.lang.String,java.lang.String)[pri:0, instance:lms_API_Test_CRUDmethods.DELETERequest@245b4bdc]" started-at="2022-02-22T13:59:23 CST" name="DeleteId" data-provider="LMSDELETE" finished-at="2022-02-22T13:59:24 CST" duration-ms="1033" status="PASS">
          <params>
            <param index="0">
              <value>
                <![CDATA[6]]>
              </value>
            </param>
            <param index="1">
              <value>
                <![CDATA[500]]>
              </value>
            </param>
          </params>
          <reporter-output>
          </reporter-output>
        </test-method> <!-- DeleteId -->
        <test-method signature="DeleteId(java.lang.String,java.lang.String)[pri:0, instance:lms_API_Test_CRUDmethods.DELETERequest@245b4bdc]" started-at="2022-02-22T13:59:24 CST" name="DeleteId" data-provider="LMSDELETE" finished-at="2022-02-22T13:59:25 CST" duration-ms="1321" status="PASS">
          <params>
            <param index="0">
              <value>
                <![CDATA[]]>
              </value>
            </param>
            <param index="1">
              <value>
                <![CDATA[405]]>
              </value>
            </param>
          </params>
          <reporter-output>
          </reporter-output>
        </test-method> <!-- DeleteId -->
      </class> <!-- lms_API_Test_CRUDmethods.DELETERequest -->
      <class name="lms_API_Test_CRUDmethods.PUTRequest">
        <test-method is-config="true" signature="loginSetup()[pri:0, instance:lms_API_Test_CRUDmethods.PUTRequest@5b239d7d]" started-at="2022-02-22T13:59:06 CST" name="loginSetup" finished-at="2022-02-22T13:59:09 CST" duration-ms="3798" status="PASS">
          <reporter-output>
          </reporter-output>
        </test-method> <!-- loginSetup -->
        <test-method signature="updateProgram(java.lang.String,java.lang.String,java.lang.String,java.lang.String,java.lang.String)[pri:0, instance:lms_API_Test_CRUDmethods.PUTRequest@5b239d7d]" started-at="2022-02-22T13:59:13 CST" name="updateProgram" data-provider="LMSPUT" finished-at="2022-02-22T13:59:20 CST" duration-ms="6620" status="PASS">
          <params>
            <param index="0">
              <value>
                <![CDATA[6211]]>
              </value>
            </param>
            <param index="1">
              <value>
                <![CDATA[SDET26]]>
              </value>
            </param>
            <param index="2">
              <value>
                <![CDATA[management]]>
              </value>
            </param>
            <param index="3">
              <value>
                <![CDATA[TRUE]]>
              </value>
            </param>
            <param index="4">
              <value>
                <![CDATA[200]]>
              </value>
            </param>
          </params>
          <reporter-output>
          </reporter-output>
        </test-method> <!-- updateProgram -->
        <test-method signature="updateProgram(java.lang.String,java.lang.String,java.lang.String,java.lang.String,java.lang.String)[pri:0, instance:lms_API_Test_CRUDmethods.PUTRequest@5b239d7d]" started-at="2022-02-22T13:59:20 CST" name="updateProgram" data-provider="LMSPUT" finished-at="2022-02-22T13:59:20 CST" duration-ms="597" status="FAIL">
          <params>
            <param index="0">
              <value>
                <![CDATA[5]]>
              </value>
            </param>
            <param index="1">
              <value>
                <![CDATA[SDET]]>
              </value>
            </param>
            <param index="2">
              <value>
                <![CDATA[api]]>
              </value>
            </param>
            <param index="3">
              <value>
                <![CDATA[TRUE]]>
              </value>
            </param>
            <param index="4">
              <value>
                <![CDATA[400]]>
              </value>
            </param>
          </params>
          <exception class="java.lang.AssertionError">
            <message>
              <![CDATA[expected [400] but found [200]]]>
            </message>
            <full-stacktrace>
              <![CDATA[java.lang.AssertionError: expected [400] but found [200]
at org.testng.Assert.fail(Assert.java:99)
at org.testng.Assert.failNotEquals(Assert.java:1037)
at org.testng.Assert.assertEqualsImpl(Assert.java:140)
at org.testng.Assert.assertEquals(Assert.java:122)
at org.testng.Assert.assertEquals(Assert.java:907)
at org.testng.Assert.assertEquals(Assert.java:917)
at lms_API_Test_CRUDmethods.PUTRequest.updateProgram(PUTRequest.java:40)
at java.base/jdk.internal.reflect.NativeMethodAccessorImpl.invoke0(Native Method)
at java.base/jdk.internal.reflect.NativeMethodAccessorImpl.invoke(NativeMethodAccessorImpl.java:77)
at java.base/jdk.internal.reflect.DelegatingMethodAccessorImpl.invoke(DelegatingMethodAccessorImpl.java:43)
at java.base/java.lang.reflect.Method.invoke(Method.java:568)
at org.testng.internal.MethodInvocationHelper.invokeMethod(MethodInvocationHelper.java:133)
at org.testng.internal.TestInvoker.invokeMethod(TestInvoker.java:598)
at org.testng.internal.TestInvoker.invokeTestMethod(TestInvoker.java:173)
at org.testng.internal.MethodRunner.runInSequence(MethodRunner.java:46)
at org.testng.internal.TestInvoker$MethodInvocationAgent.invoke(TestInvoker.java:824)
at org.testng.internal.TestInvoker.invokeTestMethods(TestInvoker.java:146)
at org.testng.internal.TestMethodWorker.invokeTestMethods(TestMethodWorker.java:146)
at org.testng.internal.TestMethodWorker.run(TestMethodWorker.java:128)
at java.base/java.util.ArrayList.forEach(ArrayList.java:1511)
at org.testng.TestRunner.privateRun(TestRunner.java:794)
at org.testng.TestRunner.run(TestRunner.java:596)
at org.testng.SuiteRunner.runTest(SuiteRunner.java:377)
at org.testng.SuiteRunner.runSequentially(SuiteRunner.java:371)
at org.testng.SuiteRunner.privateRun(SuiteRunner.java:332)
at org.testng.SuiteRunner.run(SuiteRunner.java:276)
at org.testng.SuiteRunnerWorker.runSuite(SuiteRunnerWorker.java:53)
at org.testng.SuiteRunnerWorker.run(SuiteRunnerWorker.java:96)
at org.testng.TestNG.runSuitesSequentially(TestNG.java:1212)
at org.testng.TestNG.runSuitesLocally(TestNG.java:1134)
at org.testng.TestNG.runSuites(TestNG.java:1063)
at org.testng.TestNG.run(TestNG.java:1031)
at org.testng.remote.AbstractRemoteTestNG.run(AbstractRemoteTestNG.java:115)
at org.testng.remote.RemoteTestNG.initAndRun(RemoteTestNG.java:251)
at org.testng.remote.RemoteTestNG.main(RemoteTestNG.java:77)
]]>
            </full-stacktrace>
          </exception> <!-- java.lang.AssertionError -->
          <reporter-output>
          </reporter-output>
        </test-method> <!-- updateProgram -->
        <test-method signature="updateProgram(java.lang.String,java.lang.String,java.lang.String,java.lang.String,java.lang.String)[pri:0, instance:lms_API_Test_CRUDmethods.PUTRequest@5b239d7d]" started-at="2022-02-22T13:59:20 CST" name="updateProgram" data-provider="LMSPUT" finished-at="2022-02-22T13:59:21 CST" duration-ms="574" status="PASS">
          <params>
            <param index="0">
              <value>
                <![CDATA[7ghh]]>
              </value>
            </param>
            <param index="1">
              <value>
                <![CDATA[java]]>
              </value>
            </param>
            <param index="2">
              <value>
                <![CDATA[basics]]>
              </value>
            </param>
            <param index="3">
              <value>
                <![CDATA[FALSE]]>
              </value>
            </param>
            <param index="4">
              <value>
                <![CDATA[400]]>
              </value>
            </param>
          </params>
          <reporter-output>
          </reporter-output>
        </test-method> <!-- updateProgram -->
        <test-method signature="updateProgram(java.lang.String,java.lang.String,java.lang.String,java.lang.String,java.lang.String)[pri:0, instance:lms_API_Test_CRUDmethods.PUTRequest@5b239d7d]" started-at="2022-02-22T13:59:21 CST" name="updateProgram" data-provider="LMSPUT" finished-at="2022-02-22T13:59:21 CST" duration-ms="577" status="PASS">
          <params>
            <param index="0">
              <value>
                <![CDATA[5118]]>
              </value>
            </param>
            <param index="1">
              <value>
                <![CDATA[Scrum master]]>
              </value>
            </param>
            <param index="2">
              <value>
                <![CDATA[management]]>
              </value>
            </param>
            <param index="3">
              <value>
                <![CDATA[123%]]>
              </value>
            </param>
            <param index="4">
              <value>
                <![CDATA[400]]>
              </value>
            </param>
          </params>
          <reporter-output>
          </reporter-output>
        </test-method> <!-- updateProgram -->
      </class> <!-- lms_API_Test_CRUDmethods.PUTRequest -->
    </test> <!-- CRUDmethods -->
  </suite> <!-- lmsApi -->
</testng-results>
